<?xml version="1.0" encoding="UTF-8"?>
<!-- Generated by org.testng.reporters.JUnitReportReporter -->
<testsuite hostname="SrivasuPrasad" failures="0" tests="1" name="com.crm.vtiger.purchaseOrder.ToCreatePurchaseOrderWithItemAndAddServiceTest" time="66.976" errors="0" timestamp="2022-06-07T23:43:42 IST" skipped="0">
  <testcase classname="com.crm.vtiger.purchaseOrder.ToCreatePurchaseOrderWithItemAndAddServiceTest" name="cratePurchaseOrderTest" time="66.976"/>
  <system-out/>
</testsuite> <!-- com.crm.vtiger.purchaseOrder.ToCreatePurchaseOrderWithItemAndAddServiceTest -->
